C:\Users\ym247\Desktop\Application\CleanApplication\src\WebUI\ClientApp\dist\out-tsc\app\home\home.component.js
C:\Users\ym247\Desktop\Application\CleanApplication\src\WebUI\ClientApp\dist\out-tsc\app\home\home.component.js.map
C:\Users\ym247\Desktop\Application\CleanApplication\src\WebUI\ClientApp\dist\out-tsc\app\SoftMash-Api.js
C:\Users\ym247\Desktop\Application\CleanApplication\src\WebUI\ClientApp\dist\out-tsc\app\SoftMash-Api.js.map
C:\Users\ym247\Desktop\Application\CleanApplication\src\WebUI\ClientApp\dist\out-tsc\app\register\register.component.js
C:\Users\ym247\Desktop\Application\CleanApplication\src\WebUI\ClientApp\dist\out-tsc\app\register\register.component.js.map
C:\Users\ym247\Desktop\Application\CleanApplication\src\WebUI\ClientApp\dist\out-tsc\app\employeelist\employeelist.component.js
C:\Users\ym247\Desktop\Application\CleanApplication\src\WebUI\ClientApp\dist\out-tsc\app\employeelist\employeelist.component.js.map
C:\Users\ym247\Desktop\Application\CleanApplication\src\WebUI\ClientApp\dist\out-tsc\app\ApiAuthorization\AuthorizeService.js
C:\Users\ym247\Desktop\Application\CleanApplication\src\WebUI\ClientApp\dist\out-tsc\app\ApiAuthorization\AuthorizeService.js.map
C:\Users\ym247\Desktop\Application\CleanApplication\src\WebUI\ClientApp\dist\out-tsc\app\login\login.component.js
C:\Users\ym247\Desktop\Application\CleanApplication\src\WebUI\ClientApp\dist\out-tsc\app\login\login.component.js.map
C:\Users\ym247\Desktop\Application\CleanApplication\src\WebUI\ClientApp\dist\out-tsc\app\auth.guard.js
C:\Users\ym247\Desktop\Application\CleanApplication\src\WebUI\ClientApp\dist\out-tsc\app\auth.guard.js.map
C:\Users\ym247\Desktop\Application\CleanApplication\src\WebUI\ClientApp\dist\out-tsc\app\navbar-service.service.js
C:\Users\ym247\Desktop\Application\CleanApplication\src\WebUI\ClientApp\dist\out-tsc\app\navbar-service.service.js.map
C:\Users\ym247\Desktop\Application\CleanApplication\src\WebUI\ClientApp\dist\out-tsc\app\verify-email\verify-email.component.js
C:\Users\ym247\Desktop\Application\CleanApplication\src\WebUI\ClientApp\dist\out-tsc\app\verify-email\verify-email.component.js.map
C:\Users\ym247\Desktop\Application\CleanApplication\src\WebUI\ClientApp\dist\out-tsc\app\registered-users\registered-users.component.js
C:\Users\ym247\Desktop\Application\CleanApplication\src\WebUI\ClientApp\dist\out-tsc\app\registered-users\registered-users.component.js.map
C:\Users\ym247\Desktop\Application\CleanApplication\src\WebUI\ClientApp\dist\out-tsc\app\app-routing.module.js
C:\Users\ym247\Desktop\Application\CleanApplication\src\WebUI\ClientApp\dist\out-tsc\app\app-routing.module.js.map
C:\Users\ym247\Desktop\Application\CleanApplication\src\WebUI\ClientApp\dist\out-tsc\app\app.component.js
C:\Users\ym247\Desktop\Application\CleanApplication\src\WebUI\ClientApp\dist\out-tsc\app\app.component.js.map
C:\Users\ym247\Desktop\Application\CleanApplication\src\WebUI\ClientApp\dist\out-tsc\app\app.module.js
C:\Users\ym247\Desktop\Application\CleanApplication\src\WebUI\ClientApp\dist\out-tsc\app\app.module.js.map
C:\Users\ym247\Desktop\Application\CleanApplication\src\WebUI\ClientApp\dist\out-tsc\main.js
C:\Users\ym247\Desktop\Application\CleanApplication\src\WebUI\ClientApp\dist\out-tsc\main.js.map
C:\Users\ym247\Desktop\Application\CleanApplication\src\WebUI\ClientApp\dist\out-tsc\polyfills.js
C:\Users\ym247\Desktop\Application\CleanApplication\src\WebUI\ClientApp\dist\out-tsc\polyfills.js.map
C:\Users\ym247\Desktop\Application\CleanApplication\src\WebUI\ClientApp\dist\out-tsc\test.js
C:\Users\ym247\Desktop\Application\CleanApplication\src\WebUI\ClientApp\dist\out-tsc\test.js.map
C:\Users\ym247\Desktop\Application\CleanApplication\src\WebUI\ClientApp\dist\out-tsc\app\app.component.spec.js
C:\Users\ym247\Desktop\Application\CleanApplication\src\WebUI\ClientApp\dist\out-tsc\app\app.component.spec.js.map
C:\Users\ym247\Desktop\Application\CleanApplication\src\WebUI\ClientApp\dist\out-tsc\app\auth.guard.spec.js
C:\Users\ym247\Desktop\Application\CleanApplication\src\WebUI\ClientApp\dist\out-tsc\app\auth.guard.spec.js.map
C:\Users\ym247\Desktop\Application\CleanApplication\src\WebUI\ClientApp\dist\out-tsc\app\navbar-service.service.spec.js
C:\Users\ym247\Desktop\Application\CleanApplication\src\WebUI\ClientApp\dist\out-tsc\app\navbar-service.service.spec.js.map
C:\Users\ym247\Desktop\Application\CleanApplication\src\WebUI\ClientApp\dist\out-tsc\app\employeelist\employeelist.component.spec.js
C:\Users\ym247\Desktop\Application\CleanApplication\src\WebUI\ClientApp\dist\out-tsc\app\employeelist\employeelist.component.spec.js.map
C:\Users\ym247\Desktop\Application\CleanApplication\src\WebUI\ClientApp\dist\out-tsc\app\home\home.component.spec.js
C:\Users\ym247\Desktop\Application\CleanApplication\src\WebUI\ClientApp\dist\out-tsc\app\home\home.component.spec.js.map
C:\Users\ym247\Desktop\Application\CleanApplication\src\WebUI\ClientApp\dist\out-tsc\app\login\login.component.spec.js
C:\Users\ym247\Desktop\Application\CleanApplication\src\WebUI\ClientApp\dist\out-tsc\app\login\login.component.spec.js.map
C:\Users\ym247\Desktop\Application\CleanApplication\src\WebUI\ClientApp\dist\out-tsc\app\register\register.component.spec.js
C:\Users\ym247\Desktop\Application\CleanApplication\src\WebUI\ClientApp\dist\out-tsc\app\register\register.component.spec.js.map
C:\Users\ym247\Desktop\Application\CleanApplication\src\WebUI\ClientApp\dist\out-tsc\app\registered-users\registered-users.component.spec.js
C:\Users\ym247\Desktop\Application\CleanApplication\src\WebUI\ClientApp\dist\out-tsc\app\registered-users\registered-users.component.spec.js.map
C:\Users\ym247\Desktop\Application\CleanApplication\src\WebUI\ClientApp\dist\out-tsc\app\verify-email\verify-email.component.spec.js
C:\Users\ym247\Desktop\Application\CleanApplication\src\WebUI\ClientApp\dist\out-tsc\app\verify-email\verify-email.component.spec.js.map
